2025-06-24 01:27:52,503 - db_helper - INFO - fetch_expenses_for_date called with 2024-08-01
2025-06-24 01:27:52,628 - db_helper - INFO - fetch_expense_summary called with start: 2024-08-01, end: 2024-08-05
2025-06-24 01:28:30,683 - db_helper - INFO - fetch_expenses_for_date called with 2024-09-30
2025-06-24 01:28:30,792 - db_helper - INFO - fetch_expense_summary called with start: 2024-08-01, end: 2024-08-05
2025-06-24 01:43:16,666 - db_helper - INFO - fetch_expenses_for_date called with 2024-08-01
2025-06-24 01:43:47,520 - db_helper - INFO - fetch_expenses_for_date called with 2024-08-28
2025-06-24 02:11:41,784 - db_helper - INFO - fetch_expenses_for_date called with 2024-08-01
2025-06-24 02:12:04,015 - db_helper - INFO - fetch_expenses_for_date called with 2024-08-01
2025-06-24 02:12:37,640 - db_helper - INFO - fetch_expenses_for_date called with 2024-08-01
2025-06-24 02:13:10,426 - db_helper - INFO - fetch_expenses_for_date called with 2024-08-01
2025-06-24 02:13:27,245 - db_helper - INFO - fetch_expenses_for_date called with 2024-08-01
2025-06-24 02:13:51,559 - db_helper - INFO - fetch_expenses_for_date called with 2024-08-01
2025-06-24 02:14:00,417 - db_helper - INFO - fetch_expenses_for_date called with 2024-08-01
2025-06-24 02:15:39,741 - db_helper - INFO - fetch_expenses_for_date called with 2024-08-01
2025-06-24 02:16:23,122 - db_helper - INFO - fetch_expenses_for_date called with 2024-08-01
2025-06-24 02:16:48,659 - db_helper - INFO - fetch_expenses_for_date called with 2024-08-01
2025-06-24 02:17:30,165 - db_helper - INFO - fetch_expenses_for_date called with 2024-08-01
2025-06-24 02:17:40,114 - db_helper - INFO - fetch_expenses_for_date called with 2024-08-01
2025-06-24 02:18:04,462 - db_helper - INFO - fetch_expenses_for_date called with 2024-08-01
2025-06-24 02:18:17,911 - db_helper - INFO - fetch_expenses_for_date called with 2024-08-01
2025-06-24 02:19:27,448 - db_helper - INFO - fetch_expenses_for_date called with 2024-08-01
2025-06-24 02:20:14,396 - db_helper - INFO - fetch_expenses_for_date called with 2024-08-01
2025-06-24 02:20:33,443 - db_helper - INFO - fetch_expenses_for_date called with 2024-08-01
2025-06-24 02:20:41,432 - db_helper - INFO - fetch_expenses_for_date called with 2024-08-01
2025-06-24 02:22:56,968 - db_helper - INFO - fetch_expenses_for_date called with 2024-08-01
2025-06-24 02:23:47,794 - db_helper - INFO - fetch_expenses_for_date called with 2024-08-01
2025-06-24 02:24:05,504 - db_helper - INFO - fetch_expenses_for_date called with 2024-08-01
2025-06-24 02:24:25,942 - db_helper - INFO - fetch_expenses_for_date called with 2024-08-01
2025-06-24 02:24:46,206 - db_helper - INFO - fetch_expenses_for_date called with 2024-08-01
2025-06-24 02:25:11,867 - db_helper - INFO - fetch_expenses_for_date called with 2024-08-01
2025-06-24 02:25:26,089 - db_helper - INFO - fetch_expenses_for_date called with 2024-08-01
2025-06-24 02:27:06,121 - db_helper - INFO - fetch_expenses_for_date called with 2024-08-01
2025-06-24 02:27:20,601 - db_helper - INFO - fetch_expenses_for_date called with 2024-08-02
2025-06-24 02:27:33,870 - db_helper - INFO - fetch_expenses_for_date called with 2024-08-07
2025-06-24 02:32:10,885 - db_helper - INFO - fetch_expenses_for_date called with 2024-08-01
2025-06-24 02:32:55,051 - db_helper - INFO - fetch_expenses_for_date called with 2024-08-01
2025-06-24 02:33:05,119 - db_helper - INFO - fetch_expenses_for_date called with 2024-08-07
2025-06-24 02:33:41,855 - db_helper - INFO - fetch_expenses_for_date called with 2024-08-07
2025-06-24 02:33:44,026 - db_helper - INFO - delete_expenses_for_date called with 2024-08-07
2025-06-24 02:33:44,117 - db_helper - INFO - insert_expense called with date: 2024-08-07, amount: 20.0, category: Shopping, notes: bought coconut
2025-06-24 02:33:44,214 - db_helper - INFO - insert_expense called with date: 2024-08-07, amount: 10.0, category: Shopping, notes: bought hair oil
2025-06-24 02:33:44,303 - db_helper - INFO - insert_expense called with date: 2024-08-07, amount: 40.0, category: Food, notes: ate pakoda
2025-06-24 02:34:10,109 - db_helper - INFO - fetch_expenses_for_date called with 2024-08-01
2025-06-24 02:34:31,312 - db_helper - INFO - fetch_expenses_for_date called with 2024-08-01
2025-06-24 02:35:23,680 - db_helper - INFO - fetch_expenses_for_date called with 2024-08-01
2025-06-24 02:35:25,848 - db_helper - INFO - delete_expenses_for_date called with 2024-08-01
2025-06-24 02:35:25,930 - db_helper - INFO - insert_expense called with date: 2024-08-01, amount: 1340.0, category: Rent, notes: Monthly rent payment
2025-06-24 02:35:26,014 - db_helper - INFO - insert_expense called with date: 2024-08-01, amount: 300.0, category: Food, notes: Groceries for the week
2025-06-24 02:35:26,098 - db_helper - INFO - insert_expense called with date: 2024-08-01, amount: 1200.0, category: Rent, notes: Monthly rent payment
2025-06-24 02:35:26,182 - db_helper - INFO - insert_expense called with date: 2024-08-01, amount: 300.0, category: Food, notes: Groceries for the week
2025-06-24 02:35:26,265 - db_helper - INFO - insert_expense called with date: 2024-08-01, amount: 20.0, category: Shopping, notes: Bought dairy milk chocolate
2025-06-24 02:35:32,693 - db_helper - INFO - fetch_expenses_for_date called with 2024-08-01
2025-06-24 02:35:39,945 - db_helper - INFO - fetch_expenses_for_date called with 2024-08-07
2025-06-24 02:56:18,795 - db_helper - INFO - fetch_expense_summary called with start: 2024-08-01, end: 2024-08-05
2025-06-24 03:01:14,780 - db_helper - INFO - fetch_expense_summary called with start: 2024-08-01, end: 2024-08-05
2025-06-24 03:02:17,510 - db_helper - INFO - fetch_expenses_for_date called with 2024-08-07
2025-06-24 03:05:28,729 - db_helper - INFO - fetch_expenses_for_date called with 2024-08-01
2025-06-24 03:05:33,307 - db_helper - INFO - fetch_expenses_for_date called with 2024-08-01
2025-06-24 03:06:25,856 - db_helper - INFO - fetch_expenses_for_date called with 2024-08-01
2025-06-24 03:06:39,248 - db_helper - INFO - fetch_expenses_for_date called with 2024-08-01
2025-06-24 03:07:28,491 - db_helper - INFO - fetch_expenses_for_date called with 2024-08-01
2025-06-24 03:08:09,899 - db_helper - INFO - fetch_expenses_for_date called with 2024-08-01
2025-06-24 03:09:45,620 - db_helper - INFO - fetch_expenses_for_date called with 2024-08-01
2025-06-24 03:10:12,877 - db_helper - INFO - fetch_expenses_for_date called with 2024-08-01
2025-06-24 03:10:45,730 - db_helper - INFO - fetch_expenses_for_date called with 2024-08-01
2025-06-24 03:11:39,514 - db_helper - INFO - fetch_expenses_for_date called with 2024-08-01
2025-06-24 03:11:51,532 - db_helper - INFO - fetch_expenses_for_date called with 2024-08-01
2025-06-24 03:12:28,314 - db_helper - INFO - fetch_expenses_for_date called with 2024-08-01
2025-06-24 03:12:57,917 - db_helper - INFO - fetch_expenses_for_date called with 2024-08-01
2025-06-24 03:13:27,802 - db_helper - INFO - fetch_expenses_for_date called with 2024-08-01
2025-06-24 03:13:54,986 - db_helper - INFO - fetch_expenses_for_date called with 2024-08-01
2025-06-24 03:14:17,844 - db_helper - INFO - fetch_expenses_for_date called with 2024-08-01
2025-06-24 03:14:26,440 - db_helper - INFO - fetch_expenses_for_date called with 2024-08-01
2025-06-24 03:14:28,605 - db_helper - INFO - fetch_expense_summary called with start: 2024-08-01, end: 2024-08-05
2025-06-24 03:14:43,295 - db_helper - INFO - fetch_expenses_for_date called with 2024-08-01
2025-06-24 03:14:44,082 - db_helper - INFO - fetch_expenses_for_date called with 2024-08-01
2025-06-24 03:14:46,421 - db_helper - INFO - fetch_expense_summary called with start: 2024-08-01, end: 2024-08-05
2025-06-24 03:14:47,043 - db_helper - INFO - fetch_expenses_for_date called with 2024-08-01
2025-06-24 03:14:49,194 - db_helper - INFO - fetch_expense_summary called with start: 2024-08-01, end: 2024-08-05
2025-06-24 03:15:06,230 - db_helper - INFO - fetch_expenses_for_date called with 2024-08-01
2025-06-24 03:17:35,533 - db_helper - INFO - fetch_expenses_for_date called with 2024-08-01
2025-06-24 03:17:56,645 - db_helper - INFO - fetch_expenses_for_date called with 2024-08-01
2025-06-24 03:18:04,555 - db_helper - INFO - fetch_expenses_for_date called with 2024-08-01
2025-06-24 03:18:06,703 - db_helper - INFO - fetch_expense_summary called with start: 2024-08-01, end: 2024-08-05
2025-06-24 03:18:11,563 - db_helper - INFO - fetch_expenses_for_date called with 2024-08-01
2025-06-24 03:18:13,722 - db_helper - INFO - fetch_expense_summary called with start: 2024-08-01, end: 2024-08-05
2025-06-24 03:18:21,078 - db_helper - INFO - fetch_expenses_for_date called with 2024-08-01
2025-06-24 03:18:22,346 - db_helper - INFO - fetch_expenses_for_date called with 2024-08-01
2025-06-24 03:18:24,510 - db_helper - INFO - fetch_expense_summary called with start: 2024-08-01, end: 2024-08-05
2025-06-24 03:18:30,503 - db_helper - INFO - fetch_expenses_for_date called with 2024-08-01
2025-06-24 03:18:31,855 - db_helper - INFO - fetch_expenses_for_date called with 2024-08-01
2025-06-24 03:18:34,010 - db_helper - INFO - fetch_expense_summary called with start: 2024-08-01, end: 2024-08-05
2025-06-24 03:18:37,510 - db_helper - INFO - fetch_expenses_for_date called with 2024-08-01
2025-06-24 03:18:39,678 - db_helper - INFO - fetch_expense_summary called with start: 2024-08-01, end: 2024-08-05
2025-06-24 03:19:24,143 - db_helper - INFO - fetch_expenses_for_date called with 2024-08-01
2025-06-24 03:19:29,222 - db_helper - INFO - fetch_expenses_for_date called with 2024-08-01
2025-06-24 03:19:46,499 - db_helper - INFO - fetch_expenses_for_date called with 2024-08-01
2025-06-24 03:19:59,675 - db_helper - INFO - fetch_expenses_for_date called with 2024-08-01
2025-06-24 03:20:08,433 - db_helper - INFO - fetch_expenses_for_date called with 2024-08-01
2025-06-24 03:20:10,581 - db_helper - INFO - fetch_expense_summary called with start: 2024-08-01, end: 2024-08-05
2025-06-24 03:20:30,837 - db_helper - INFO - fetch_expenses_for_date called with 2024-08-01
2025-06-24 03:21:07,759 - db_helper - INFO - fetch_expenses_for_date called with 2024-08-01
2025-06-24 03:21:29,875 - db_helper - INFO - fetch_expenses_for_date called with 2024-08-01
2025-06-24 03:22:04,134 - db_helper - INFO - fetch_expenses_for_date called with 2024-08-01
2025-06-24 03:22:26,417 - db_helper - INFO - fetch_expenses_for_date called with 2024-08-01
2025-06-24 03:22:28,546 - db_helper - INFO - fetch_expense_summary called with start: 2024-08-01, end: 2024-08-05
2025-06-24 03:23:14,920 - db_helper - INFO - fetch_expenses_for_date called with 2024-08-01
2025-06-24 03:23:18,090 - db_helper - INFO - fetch_expenses_for_date called with 2024-08-01
2025-06-24 03:23:20,355 - db_helper - INFO - fetch_expense_summary called with start: 2024-08-01, end: 2024-08-05
2025-06-24 03:23:48,441 - db_helper - INFO - fetch_expenses_for_date called with 2024-08-01
2025-06-24 03:26:15,933 - db_helper - INFO - fetch_expenses_for_date called with 2024-08-01
2025-06-24 03:26:20,085 - db_helper - INFO - fetch_expenses_for_date called with 2024-08-01
2025-06-24 03:26:22,233 - db_helper - INFO - fetch_expense_summary called with start: 2024-08-01, end: 2024-08-05
2025-06-24 04:36:50,369 - db_helper - INFO - fetch_expenses_for_date called with 2024-08-01
2025-06-24 04:37:02,970 - db_helper - INFO - fetch_expenses_for_date called with 2024-08-01
2025-06-24 04:37:05,131 - db_helper - INFO - fetch_expense_summary called with start: 2024-08-01, end: 2024-08-05
2025-06-24 04:39:00,414 - db_helper - INFO - fetch_expenses_for_date called with 2024-08-01
2025-06-24 04:39:54,254 - db_helper - INFO - fetch_expenses_for_date called with 2024-08-01
2025-06-24 04:40:26,943 - db_helper - INFO - fetch_expenses_for_date called with 2024-08-01
